# JRE version: OpenJDK Runtime Environment (21.0.5) (build 21.0.5+-13047016-b750.29)
# Java VM: OpenJDK 64-Bit Server VM (21.0.5+-13047016-b750.29, mixed mode, tiered, compressed oops, compressed class ptrs, g1 gc, windows-amd64)
GC Precious Log:
 CardTable entry size: 512
 Card Set container configuration: InlinePtr #cards 5 size 8 Array Of Cards #cards 12 size 40 Howl #buckets 4 coarsen threshold 1843 Howl Bitmap #cards 512 size 80 coarsen threshold 460 Card regions per heap region 1 cards per card region 2048
 CPUs: 12 total, 12 available
 Memory: 16125M
 Large Page Support: Disabled
 NUMA Support: Disabled
 Compressed Oops: Enabled (32-bit)
 Heap Region Size: 1M
 Heap Min Capacity: 8M
 Heap Initial Capacity: 252M
 Heap Max Capacity: 2G
 Pre-touch: Disabled
 Parallel Workers: 10
 Concurrent Workers: 3
 Concurrent Refinement Workers: 10
 Periodic GC: Disabled
Heap:
 garbage-first heap   total 165888K, used 104217K [0x0000000080000000, 0x0000000100000000)
  region size 1024K, 33 young (33792K), 6 survivors (6144K)
 Metaspace       used 84354K, committed 86272K, reserved 1179648K
  class space    used 11208K, committed 12160K, reserved 1048576K
GC Heap History (20 events):
Event: 3.385 GC heap before
{Heap before GC invocations=14 (full 0):
 garbage-first heap   total 114688K, used 100980K [0x0000000080000000, 0x0000000100000000)
  region size 1024K, 60 young (61440K), 2 survivors (2048K)
 Metaspace       used 63183K, committed 64768K, reserved 1114112K
  class space    used 8620K, committed 9408K, reserved 1048576K
}
Event: 3.390 GC heap after
{Heap after GC invocations=15 (full 0):
 garbage-first heap   total 114688K, used 47848K [0x0000000080000000, 0x0000000100000000)
  region size 1024K, 8 young (8192K), 8 survivors (8192K)
 Metaspace       used 63183K, committed 64768K, reserved 1114112K
  class space    used 8620K, committed 9408K, reserved 1048576K
}
Event: 3.495 GC heap before
{Heap before GC invocations=15 (full 0):
 garbage-first heap   total 114688K, used 98024K [0x0000000080000000, 0x0000000100000000)
  region size 1024K, 58 young (59392K), 8 survivors (8192K)
 Metaspace       used 63727K, committed 65408K, reserved 1114112K
  class space    used 8648K, committed 9472K, reserved 1048576K
}
Event: 3.501 GC heap after
{Heap after GC invocations=16 (full 0):
 garbage-first heap   total 114688K, used 50016K [0x0000000080000000, 0x0000000100000000)
  region size 1024K, 5 young (5120K), 5 survivors (5120K)
 Metaspace       used 63727K, committed 65408K, reserved 1114112K
  class space    used 8648K, committed 9472K, reserved 1048576K
}
Event: 3.570 GC heap before
{Heap before GC invocations=16 (full 0):
 garbage-first heap   total 114688K, used 99168K [0x0000000080000000, 0x0000000100000000)
  region size 1024K, 54 young (55296K), 5 survivors (5120K)
 Metaspace       used 63939K, committed 65600K, reserved 1114112K
  class space    used 8648K, committed 9472K, reserved 1048576K
}
Event: 3.573 GC heap after
{Heap after GC invocations=17 (full 0):
 garbage-first heap   total 138240K, used 51385K [0x0000000080000000, 0x0000000100000000)
  region size 1024K, 5 young (5120K), 5 survivors (5120K)
 Metaspace       used 63939K, committed 65600K, reserved 1114112K
  class space    used 8648K, committed 9472K, reserved 1048576K
}
Event: 3.620 GC heap before
{Heap before GC invocations=17 (full 0):
 garbage-first heap   total 138240K, used 59577K [0x0000000080000000, 0x0000000100000000)
  region size 1024K, 14 young (14336K), 5 survivors (5120K)
 Metaspace       used 64194K, committed 65984K, reserved 1114112K
  class space    used 8684K, committed 9600K, reserved 1048576K
}
Event: 3.623 GC heap after
{Heap after GC invocations=18 (full 0):
 garbage-first heap   total 138240K, used 52224K [0x0000000080000000, 0x0000000100000000)
  region size 1024K, 5 young (5120K), 5 survivors (5120K)
 Metaspace       used 64194K, committed 65984K, reserved 1114112K
  class space    used 8684K, committed 9600K, reserved 1048576K
}
Event: 4.076 GC heap before
{Heap before GC invocations=19 (full 0):
 garbage-first heap   total 138240K, used 122880K [0x0000000080000000, 0x0000000100000000)
  region size 1024K, 68 young (69632K), 5 survivors (5120K)
 Metaspace       used 69503K, committed 71232K, reserved 1114112K
  class space    used 9290K, committed 10176K, reserved 1048576K
}
Event: 4.080 GC heap after
{Heap after GC invocations=20 (full 0):
 garbage-first heap   total 138240K, used 64341K [0x0000000080000000, 0x0000000100000000)
  region size 1024K, 9 young (9216K), 9 survivors (9216K)
 Metaspace       used 69503K, committed 71232K, reserved 1114112K
  class space    used 9290K, committed 10176K, reserved 1048576K
}
Event: 4.439 GC heap before
{Heap before GC invocations=20 (full 0):
 garbage-first heap   total 138240K, used 121685K [0x0000000080000000, 0x0000000100000000)
  region size 1024K, 64 young (65536K), 9 survivors (9216K)
 Metaspace       used 76445K, committed 78336K, reserved 1179648K
  class space    used 10145K, committed 11072K, reserved 1048576K
}
Event: 4.444 GC heap after
{Heap after GC invocations=21 (full 0):
 garbage-first heap   total 138240K, used 68090K [0x0000000080000000, 0x0000000100000000)
  region size 1024K, 4 young (4096K), 4 survivors (4096K)
 Metaspace       used 76445K, committed 78336K, reserved 1179648K
  class space    used 10145K, committed 11072K, reserved 1048576K
}
Event: 4.449 GC heap before
{Heap before GC invocations=21 (full 0):
 garbage-first heap   total 138240K, used 71162K [0x0000000080000000, 0x0000000100000000)
  region size 1024K, 8 young (8192K), 4 survivors (4096K)
 Metaspace       used 76445K, committed 78336K, reserved 1179648K
  class space    used 10145K, committed 11072K, reserved 1048576K
}
Event: 4.452 GC heap after
{Heap after GC invocations=22 (full 0):
 garbage-first heap   total 138240K, used 70453K [0x0000000080000000, 0x0000000100000000)
  region size 1024K, 6 young (6144K), 6 survivors (6144K)
 Metaspace       used 76445K, committed 78336K, reserved 1179648K
  class space    used 10145K, committed 11072K, reserved 1048576K
}
Event: 4.690 GC heap before
{Heap before GC invocations=23 (full 0):
 garbage-first heap   total 138240K, used 111413K [0x0000000080000000, 0x0000000100000000)
  region size 1024K, 42 young (43008K), 6 survivors (6144K)
 Metaspace       used 78738K, committed 80576K, reserved 1179648K
  class space    used 10462K, committed 11392K, reserved 1048576K
}
Event: 4.693 GC heap after
{Heap after GC invocations=24 (full 0):
 garbage-first heap   total 138240K, used 72108K [0x0000000080000000, 0x0000000100000000)
  region size 1024K, 5 young (5120K), 5 survivors (5120K)
 Metaspace       used 78738K, committed 80576K, reserved 1179648K
  class space    used 10462K, committed 11392K, reserved 1048576K
}
Event: 4.921 GC heap before
{Heap before GC invocations=24 (full 0):
 garbage-first heap   total 138240K, used 111020K [0x0000000080000000, 0x0000000100000000)
  region size 1024K, 43 young (44032K), 5 survivors (5120K)
 Metaspace       used 80854K, committed 82752K, reserved 1179648K
  class space    used 10740K, committed 11712K, reserved 1048576K
}
Event: 4.925 GC heap after
{Heap after GC invocations=25 (full 0):
 garbage-first heap   total 138240K, used 74792K [0x0000000080000000, 0x0000000100000000)
  region size 1024K, 6 young (6144K), 6 survivors (6144K)
 Metaspace       used 80854K, committed 82752K, reserved 1179648K
  class space    used 10740K, committed 11712K, reserved 1048576K
}
Event: 5.138 GC heap before
{Heap before GC invocations=25 (full 0):
 garbage-first heap   total 138240K, used 114728K [0x0000000080000000, 0x0000000100000000)
  region size 1024K, 45 young (46080K), 6 survivors (6144K)
 Metaspace       used 82287K, committed 84288K, reserved 1179648K
  class space    used 10910K, committed 11904K, reserved 1048576K
}
Event: 5.166 GC heap after
{Heap after GC invocations=26 (full 0):
 garbage-first heap   total 165888K, used 77593K [0x0000000080000000, 0x0000000100000000)
  region size 1024K, 6 young (6144K), 6 survivors (6144K)
 Metaspace       used 82287K, committed 84288K, reserved 1179648K
  class space    used 10910K, committed 11904K, reserved 1048576K
}

