# JRE version: OpenJDK Runtime Environment (21.0.5) (build 21.0.5+-13047016-b750.29)
# Java VM: OpenJDK 64-Bit Server VM (21.0.5+-13047016-b750.29, mixed mode, tiered, compressed oops, compressed class ptrs, g1 gc, windows-amd64)
GC Precious Log:
 CardTable entry size: 512
 Card Set container configuration: InlinePtr #cards 5 size 8 Array Of Cards #cards 12 size 40 Howl #buckets 4 coarsen threshold 1843 Howl Bitmap #cards 512 size 80 coarsen threshold 460 Card regions per heap region 1 cards per card region 2048
 CPUs: 12 total, 12 available
 Memory: 16125M
 Large Page Support: Disabled
 NUMA Support: Disabled
 Compressed Oops: Enabled (32-bit)
 Heap Region Size: 1M
 Heap Min Capacity: 8M
 Heap Initial Capacity: 252M
 Heap Max Capacity: 2G
 Pre-touch: Disabled
 Parallel Workers: 10
 Concurrent Workers: 3
 Concurrent Refinement Workers: 10
 Periodic GC: Disabled
Heap:
 garbage-first heap   total 155648K, used 87332K [0x0000000080000000, 0x0000000100000000)
  region size 1024K, 7 young (7168K), 7 survivors (7168K)
 Metaspace       used 97981K, committed 99968K, reserved 1179648K
  class space    used 13257K, committed 14272K, reserved 1048576K
GC Heap History (20 events):
Event: 3.517 GC heap after
{Heap after GC invocations=17 (full 0):
 garbage-first heap   total 122880K, used 52816K [0x0000000080000000, 0x0000000100000000)
  region size 1024K, 5 young (5120K), 5 survivors (5120K)
 Metaspace       used 64117K, committed 65792K, reserved 1114112K
  class space    used 8662K, committed 9536K, reserved 1048576K
}
Event: 3.855 GC heap before
{Heap before GC invocations=18 (full 0):
 garbage-first heap   total 122880K, used 115280K [0x0000000080000000, 0x0000000100000000)
  region size 1024K, 60 young (61440K), 5 survivors (5120K)
 Metaspace       used 68547K, committed 70208K, reserved 1114112K
  class space    used 9163K, committed 9984K, reserved 1048576K
}
Event: 3.859 GC heap after
{Heap after GC invocations=19 (full 0):
 garbage-first heap   total 129024K, used 65820K [0x0000000080000000, 0x0000000100000000)
  region size 1024K, 7 young (7168K), 7 survivors (7168K)
 Metaspace       used 68547K, committed 70208K, reserved 1114112K
  class space    used 9163K, committed 9984K, reserved 1048576K
}
Event: 4.135 GC heap before
{Heap before GC invocations=19 (full 0):
 garbage-first heap   total 129024K, used 113948K [0x0000000080000000, 0x0000000100000000)
  region size 1024K, 54 young (55296K), 7 survivors (7168K)
 Metaspace       used 74187K, committed 75968K, reserved 1114112K
  class space    used 9841K, committed 10752K, reserved 1048576K
}
Event: 4.140 GC heap after
{Heap after GC invocations=20 (full 0):
 garbage-first heap   total 129024K, used 65915K [0x0000000080000000, 0x0000000100000000)
  region size 1024K, 2 young (2048K), 2 survivors (2048K)
 Metaspace       used 74187K, committed 75968K, reserved 1114112K
  class space    used 9841K, committed 10752K, reserved 1048576K
}
Event: 4.243 GC heap before
{Heap before GC invocations=20 (full 0):
 garbage-first heap   total 129024K, used 81275K [0x0000000080000000, 0x0000000100000000)
  region size 1024K, 18 young (18432K), 2 survivors (2048K)
 Metaspace       used 76393K, committed 78208K, reserved 1179648K
  class space    used 10132K, committed 11072K, reserved 1048576K
}
Event: 4.418 GC heap after
{Heap after GC invocations=21 (full 0):
 garbage-first heap   total 155648K, used 67904K [0x0000000080000000, 0x0000000100000000)
  region size 1024K, 4 young (4096K), 4 survivors (4096K)
 Metaspace       used 76393K, committed 78208K, reserved 1179648K
  class space    used 10132K, committed 11072K, reserved 1048576K
}
Event: 4.425 GC heap before
{Heap before GC invocations=21 (full 0):
 garbage-first heap   total 155648K, used 73024K [0x0000000080000000, 0x0000000100000000)
  region size 1024K, 9 young (9216K), 4 survivors (4096K)
 Metaspace       used 76393K, committed 78208K, reserved 1179648K
  class space    used 10132K, committed 11072K, reserved 1048576K
}
Event: 4.428 GC heap after
{Heap after GC invocations=22 (full 0):
 garbage-first heap   total 155648K, used 71083K [0x0000000080000000, 0x0000000100000000)
  region size 1024K, 6 young (6144K), 6 survivors (6144K)
 Metaspace       used 76393K, committed 78208K, reserved 1179648K
  class space    used 10132K, committed 11072K, reserved 1048576K
}
Event: 4.748 GC heap before
{Heap before GC invocations=23 (full 0):
 garbage-first heap   total 155648K, used 123307K [0x0000000080000000, 0x0000000100000000)
  region size 1024K, 53 young (54272K), 6 survivors (6144K)
 Metaspace       used 79540K, committed 81344K, reserved 1179648K
  class space    used 10552K, committed 11456K, reserved 1048576K
}
Event: 4.752 GC heap after
{Heap after GC invocations=24 (full 0):
 garbage-first heap   total 155648K, used 73500K [0x0000000080000000, 0x0000000100000000)
  region size 1024K, 6 young (6144K), 6 survivors (6144K)
 Metaspace       used 79540K, committed 81344K, reserved 1179648K
  class space    used 10552K, committed 11456K, reserved 1048576K
}
Event: 4.971 GC heap before
{Heap before GC invocations=24 (full 0):
 garbage-first heap   total 155648K, used 123676K [0x0000000080000000, 0x0000000100000000)
  region size 1024K, 55 young (56320K), 6 survivors (6144K)
 Metaspace       used 80861K, committed 82688K, reserved 1179648K
  class space    used 10727K, committed 11648K, reserved 1048576K
}
Event: 4.975 GC heap after
{Heap after GC invocations=25 (full 0):
 garbage-first heap   total 155648K, used 76705K [0x0000000080000000, 0x0000000100000000)
  region size 1024K, 7 young (7168K), 7 survivors (7168K)
 Metaspace       used 80861K, committed 82688K, reserved 1179648K
  class space    used 10727K, committed 11648K, reserved 1048576K
}
Event: 5.295 GC heap before
{Heap before GC invocations=25 (full 0):
 garbage-first heap   total 155648K, used 127905K [0x0000000080000000, 0x0000000100000000)
  region size 1024K, 57 young (58368K), 7 survivors (7168K)
 Metaspace       used 84901K, committed 86784K, reserved 1179648K
  class space    used 11246K, committed 12224K, reserved 1048576K
}
Event: 5.300 GC heap after
{Heap after GC invocations=26 (full 0):
 garbage-first heap   total 155648K, used 79872K [0x0000000080000000, 0x0000000100000000)
  region size 1024K, 7 young (7168K), 7 survivors (7168K)
 Metaspace       used 84901K, committed 86784K, reserved 1179648K
  class space    used 11246K, committed 12224K, reserved 1048576K
}
Event: 5.639 GC heap before
{Heap before GC invocations=27 (full 0):
 garbage-first heap   total 155648K, used 132096K [0x0000000080000000, 0x0000000100000000)
  region size 1024K, 58 young (59392K), 7 survivors (7168K)
 Metaspace       used 89052K, committed 90944K, reserved 1179648K
  class space    used 11991K, committed 12928K, reserved 1048576K
}
Event: 5.642 GC heap after
{Heap after GC invocations=28 (full 0):
 garbage-first heap   total 155648K, used 81334K [0x0000000080000000, 0x0000000100000000)
  region size 1024K, 5 young (5120K), 5 survivors (5120K)
 Metaspace       used 89052K, committed 90944K, reserved 1179648K
  class space    used 11991K, committed 12928K, reserved 1048576K
}
Event: 5.975 GC heap before
{Heap before GC invocations=28 (full 0):
 garbage-first heap   total 155648K, used 133558K [0x0000000080000000, 0x0000000100000000)
  region size 1024K, 56 young (57344K), 5 survivors (5120K)
 Metaspace       used 93217K, committed 95296K, reserved 1179648K
  class space    used 12591K, committed 13632K, reserved 1048576K
}
Event: 5.980 GC heap after
{Heap after GC invocations=29 (full 0):
 garbage-first heap   total 155648K, used 84328K [0x0000000080000000, 0x0000000100000000)
  region size 1024K, 6 young (6144K), 6 survivors (6144K)
 Metaspace       used 93217K, committed 95296K, reserved 1179648K
  class space    used 12591K, committed 13632K, reserved 1048576K
}
Event: 6.285 GC heap before
{Heap before GC invocations=29 (full 0):
 garbage-first heap   total 155648K, used 136552K [0x0000000080000000, 0x0000000100000000)
  region size 1024K, 57 young (58368K), 6 survivors (6144K)
 Metaspace       used 97981K, committed 99968K, reserved 1179648K
  class space    used 13257K, committed 14272K, reserved 1048576K
}

