# JRE version: OpenJDK Runtime Environment (21.0.5) (build 21.0.5+-13047016-b750.29)
# Java VM: OpenJDK 64-Bit Server VM (21.0.5+-13047016-b750.29, mixed mode, tiered, compressed oops, compressed class ptrs, g1 gc, windows-amd64)
GC Precious Log:
 CardTable entry size: 512
 Card Set container configuration: InlinePtr #cards 5 size 8 Array Of Cards #cards 12 size 40 Howl #buckets 4 coarsen threshold 1843 Howl Bitmap #cards 512 size 80 coarsen threshold 460 Card regions per heap region 1 cards per card region 2048
 CPUs: 12 total, 12 available
 Memory: 16125M
 Large Page Support: Disabled
 NUMA Support: Disabled
 Compressed Oops: Enabled (32-bit)
 Heap Region Size: 1M
 Heap Min Capacity: 8M
 Heap Initial Capacity: 252M
 Heap Max Capacity: 2G
 Pre-touch: Disabled
 Parallel Workers: 10
 Concurrent Workers: 3
 Concurrent Refinement Workers: 10
 Periodic GC: Disabled
Heap:
 garbage-first heap   total 137216K, used 86552K [0x0000000080000000, 0x0000000100000000)
  region size 1024K, 14 young (14336K), 4 survivors (4096K)
 Metaspace       used 81274K, committed 83136K, reserved 1179648K
  class space    used 10778K, committed 11712K, reserved 1048576K
GC Heap History (20 events):
Event: 2.844 GC heap before
{Heap before GC invocations=12 (full 0):
 garbage-first heap   total 113664K, used 78678K [0x0000000080000000, 0x0000000100000000)
  region size 1024K, 43 young (44032K), 4 survivors (4096K)
 Metaspace       used 59053K, committed 60608K, reserved 1114112K
  class space    used 7959K, committed 8704K, reserved 1048576K
}
Event: 2.847 GC heap after
{Heap after GC invocations=13 (full 0):
 garbage-first heap   total 113664K, used 40773K [0x0000000080000000, 0x0000000100000000)
  region size 1024K, 6 young (6144K), 6 survivors (6144K)
 Metaspace       used 59053K, committed 60608K, reserved 1114112K
  class space    used 7959K, committed 8704K, reserved 1048576K
}
Event: 3.280 GC heap before
{Heap before GC invocations=14 (full 0):
 garbage-first heap   total 113664K, used 99141K [0x0000000080000000, 0x0000000100000000)
  region size 1024K, 64 young (65536K), 6 survivors (6144K)
 Metaspace       used 63173K, committed 64832K, reserved 1114112K
  class space    used 8610K, committed 9408K, reserved 1048576K
}
Event: 3.285 GC heap after
{Heap after GC invocations=15 (full 0):
 garbage-first heap   total 113664K, used 47795K [0x0000000080000000, 0x0000000100000000)
  region size 1024K, 8 young (8192K), 8 survivors (8192K)
 Metaspace       used 63173K, committed 64832K, reserved 1114112K
  class space    used 8610K, committed 9408K, reserved 1048576K
}
Event: 3.394 GC heap before
{Heap before GC invocations=15 (full 0):
 garbage-first heap   total 113664K, used 96947K [0x0000000080000000, 0x0000000100000000)
  region size 1024K, 57 young (58368K), 8 survivors (8192K)
 Metaspace       used 63704K, committed 65344K, reserved 1114112K
  class space    used 8638K, committed 9408K, reserved 1048576K
}
Event: 3.399 GC heap after
{Heap after GC invocations=16 (full 0):
 garbage-first heap   total 113664K, used 50516K [0x0000000080000000, 0x0000000100000000)
  region size 1024K, 5 young (5120K), 5 survivors (5120K)
 Metaspace       used 63704K, committed 65344K, reserved 1114112K
  class space    used 8638K, committed 9408K, reserved 1048576K
}
Event: 3.463 GC heap before
{Heap before GC invocations=16 (full 0):
 garbage-first heap   total 113664K, used 98644K [0x0000000080000000, 0x0000000100000000)
  region size 1024K, 53 young (54272K), 5 survivors (5120K)
 Metaspace       used 63926K, committed 65536K, reserved 1114112K
  class space    used 8638K, committed 9408K, reserved 1048576K
}
Event: 3.465 GC heap after
{Heap after GC invocations=17 (full 0):
 garbage-first heap   total 137216K, used 51976K [0x0000000080000000, 0x0000000100000000)
  region size 1024K, 5 young (5120K), 5 survivors (5120K)
 Metaspace       used 63926K, committed 65536K, reserved 1114112K
  class space    used 8638K, committed 9408K, reserved 1048576K
}
Event: 3.509 GC heap before
{Heap before GC invocations=17 (full 0):
 garbage-first heap   total 137216K, used 60168K [0x0000000080000000, 0x0000000100000000)
  region size 1024K, 14 young (14336K), 5 survivors (5120K)
 Metaspace       used 64175K, committed 65856K, reserved 1114112K
  class space    used 8673K, committed 9536K, reserved 1048576K
}
Event: 3.512 GC heap after
{Heap after GC invocations=18 (full 0):
 garbage-first heap   total 137216K, used 52675K [0x0000000080000000, 0x0000000100000000)
  region size 1024K, 5 young (5120K), 5 survivors (5120K)
 Metaspace       used 64175K, committed 65856K, reserved 1114112K
  class space    used 8673K, committed 9536K, reserved 1048576K
}
Event: 3.912 GC heap before
{Heap before GC invocations=19 (full 0):
 garbage-first heap   total 137216K, used 123331K [0x0000000080000000, 0x0000000100000000)
  region size 1024K, 67 young (68608K), 5 survivors (5120K)
 Metaspace       used 69288K, committed 70976K, reserved 1114112K
  class space    used 9246K, committed 10112K, reserved 1048576K
}
Event: 3.915 GC heap after
{Heap after GC invocations=20 (full 0):
 garbage-first heap   total 137216K, used 65127K [0x0000000080000000, 0x0000000100000000)
  region size 1024K, 9 young (9216K), 9 survivors (9216K)
 Metaspace       used 69288K, committed 70976K, reserved 1114112K
  class space    used 9246K, committed 10112K, reserved 1048576K
}
Event: 4.225 GC heap before
{Heap before GC invocations=20 (full 0):
 garbage-first heap   total 137216K, used 119399K [0x0000000080000000, 0x0000000100000000)
  region size 1024K, 62 young (63488K), 9 survivors (9216K)
 Metaspace       used 75939K, committed 77760K, reserved 1179648K
  class space    used 10079K, committed 11008K, reserved 1048576K
}
Event: 4.229 GC heap after
{Heap after GC invocations=21 (full 0):
 garbage-first heap   total 137216K, used 69575K [0x0000000080000000, 0x0000000100000000)
  region size 1024K, 4 young (4096K), 4 survivors (4096K)
 Metaspace       used 75939K, committed 77760K, reserved 1179648K
  class space    used 10079K, committed 11008K, reserved 1048576K
}
Event: 4.258 GC heap before
{Heap before GC invocations=21 (full 0):
 garbage-first heap   total 137216K, used 71623K [0x0000000080000000, 0x0000000100000000)
  region size 1024K, 7 young (7168K), 4 survivors (4096K)
 Metaspace       used 76440K, committed 78272K, reserved 1179648K
  class space    used 10136K, committed 11072K, reserved 1048576K
}
Event: 4.260 GC heap after
{Heap after GC invocations=22 (full 0):
 garbage-first heap   total 137216K, used 69176K [0x0000000080000000, 0x0000000100000000)
  region size 1024K, 4 young (4096K), 4 survivors (4096K)
 Metaspace       used 76440K, committed 78272K, reserved 1179648K
  class space    used 10136K, committed 11072K, reserved 1048576K
}
Event: 4.485 GC heap before
{Heap before GC invocations=23 (full 0):
 garbage-first heap   total 137216K, used 126520K [0x0000000080000000, 0x0000000100000000)
  region size 1024K, 55 young (56320K), 4 survivors (4096K)
 Metaspace       used 79590K, committed 81472K, reserved 1179648K
  class space    used 10561K, committed 11520K, reserved 1048576K
}
Event: 4.489 GC heap after
{Heap after GC invocations=24 (full 0):
 garbage-first heap   total 137216K, used 74030K [0x0000000080000000, 0x0000000100000000)
  region size 1024K, 7 young (7168K), 7 survivors (7168K)
 Metaspace       used 79590K, committed 81472K, reserved 1179648K
  class space    used 10561K, committed 11520K, reserved 1048576K
}
Event: 4.637 GC heap before
{Heap before GC invocations=24 (full 0):
 garbage-first heap   total 137216K, used 121134K [0x0000000080000000, 0x0000000100000000)
  region size 1024K, 53 young (54272K), 7 survivors (7168K)
 Metaspace       used 80882K, committed 82752K, reserved 1179648K
  class space    used 10736K, committed 11712K, reserved 1048576K
}
Event: 4.642 GC heap after
{Heap after GC invocations=25 (full 0):
 garbage-first heap   total 137216K, used 77336K [0x0000000080000000, 0x0000000100000000)
  region size 1024K, 4 young (4096K), 4 survivors (4096K)
 Metaspace       used 80882K, committed 82752K, reserved 1179648K
  class space    used 10736K, committed 11712K, reserved 1048576K
}

